0.00
0.00
0.00
0.00
0.00
0.00
0.00
0.00
0.00
0.00
0.00
0.00
0.00
0.00
0.00
0.00
0.00
0.00
0.00
0.00
0.00
0.00
0.00
0.00
0.00
0.00
0.00
0.00
0.00
0.00
0.00
0.00
0.00
0.00
0.00
0.00
0.00
0.00
0.00
0.00
0.00
0.00
0.00
0.00
0.00
0.00
0.00
0.00
0.00
0.00
0.00
0.00
0.00
0.00
0.00
0.00
0.00
0.00
0.00
0.00
2.72
2.75
2.88
3.02
3.02
3.31
3.42
3.58
3.75
4.34
4.68
4.63
4.69
4.90
8.03
7.29
7.25
6.34
6.37
5.25
5.32
6.71
6.49
6.29
6.20
6.23
5.85
5.76
5.78
5.80
5.73
5.41
5.49
5.58
5.53
5.23
5.20
5.23
5.24
5.00
4.99
4.85
4.55
4.26
4.12
3.87
3.72
3.54
3.33
3.26
3.11
3.06
3.06
3.19
2.65
2.64
2.64
2.48
2.47
2.65
20.00
0.00
0.00
0.00
0.00
0.00
0.00
0.00
0.00
0.00
0.00
0.00
0.00
0.00
0.00
0.00
0.00
0.00
0.00
0.00
0.00
0.00
0.00
0.00
0.00
0.00
0.00
0.00
0.00
0.00
0.00
0.00
0.00
0.00
0.00
0.00
0.00
0.00
0.00
0.00
0.00
0.00
0.00
0.00
0.00
0.00
0.00
0.00
0.00
0.00
0.00
0.00
0.00
0.00
0.00
0.00
0.00
0.00
0.00
0.00
