0.00
0.00
0.00
0.00
0.00
0.00
0.00
0.00
0.00
0.00
0.00
0.00
0.00
0.00
0.00
0.00
0.00
0.00
0.00
0.00
0.00
0.00
0.00
0.00
0.00
0.00
0.00
0.00
0.00
0.00
0.00
0.00
0.00
0.00
0.00
0.00
0.00
0.00
0.00
0.00
0.00
0.00
0.00
0.00
0.00
0.00
0.00
0.00
0.00
0.00
0.00
0.00
0.00
0.00
0.19
0.39
0.60
0.81
1.04
1.27
1.51
1.77
2.03
2.31
2.61
2.92
3.27
3.61
3.99
4.31
4.62
4.92
5.21
5.46
5.70
5.92
6.13
6.30
6.44
6.55
6.61
6.68
6.52
6.42
6.31
6.21
6.10
6.00
5.89
5.78
5.67
5.61
5.56
5.48
5.43
5.37
5.28
5.17
5.05
4.92
4.78
4.65
4.53
4.39
4.25
4.09
3.92
3.79
3.63
3.48
3.33
3.20
3.08
3.00
4.16
3.91
3.67
3.43
3.20
2.98
2.77
2.55
2.35
2.16
1.98
1.80
1.62
1.43
0.00
0.00
0.00
0.00
0.00
0.00
0.00
0.00
0.00
0.00
0.00
0.00
0.00
0.00
0.00
0.00
0.00
0.00
0.00
0.00
0.00
0.00
0.00
0.00
0.00
0.00
0.00
0.00
0.00
0.00
0.00
0.00
0.00
0.00
0.00
0.00
0.00
0.00
0.00
0.00
0.00
0.00
0.00
0.00
0.00
0.00
0.00
0.00
0.00
0.00
0.00
0.00
